  [1m[35m (103.5ms)[0m  [1m[35mCREATE DATABASE "trip_reminders_api_development" ENCODING = 'unicode' /*application='TripRemindersApi'*/[0m
  [1m[35mSQL (0.3ms)[0m  [1m[35mSET search_path TO public /*application='TripRemindersApi'*/[0m
  [1m[35m (142.7ms)[0m  [1m[35mCREATE DATABASE "trip_reminders_api_development" ENCODING = 'unicode' /*application='TripRemindersApi'*/[0m
  [1m[35mSQL (0.2ms)[0m  [1m[35mSET search_path TO public /*application='TripRemindersApi'*/[0m
  [1m[35m (40.5ms)[0m  [1m[35mCREATE DATABASE "trip_reminders_api_test" ENCODING = 'unicode' /*application='TripRemindersApi'*/[0m
  [1m[35m (4.2ms)[0m  [1m[35mCREATE TABLE "schema_migrations" ("version" character varying NOT NULL PRIMARY KEY) /*application='TripRemindersApi'*/[0m
  [1m[35m (2.2ms)[0m  [1m[35mCREATE TABLE "ar_internal_metadata" ("key" character varying NOT NULL PRIMARY KEY, "value" character varying, "created_at" timestamp(6) NOT NULL, "updated_at" timestamp(6) NOT NULL) /*application='TripRemindersApi'*/[0m
  [1m[35m (0.2ms)[0m  [1m[34mSELECT pg_try_advisory_lock(5904115786707089175) /*application='TripRemindersApi'*/[0m
  [1m[36mActiveRecord::SchemaMigration Load (0.5ms)[0m  [1m[34mSELECT "schema_migrations"."version" FROM "schema_migrations" ORDER BY "schema_migrations"."version" ASC /*application='TripRemindersApi'*/[0m
  [1m[36mActiveRecord::InternalMetadata Load (0.6ms)[0m  [1m[34mSELECT * FROM "ar_internal_metadata" WHERE "ar_internal_metadata"."key" = 'environment' ORDER BY "ar_internal_metadata"."key" ASC LIMIT 1 /*application='TripRemindersApi'*/[0m
  [1m[36mActiveRecord::InternalMetadata Create (0.4ms)[0m  [1m[32mINSERT INTO "ar_internal_metadata" ("key", "value", "created_at", "updated_at") VALUES ('environment', 'development', '2026-02-17 21:02:20.911252', '2026-02-17 21:02:20.911253') RETURNING "key" /*application='TripRemindersApi'*/[0m
Migrating to CreateTrips (20240217000001)
  [1m[36mTRANSACTION (0.2ms)[0m  [1m[35mBEGIN /*application='TripRemindersApi'*/[0m
  [1m[35m (3.5ms)[0m  [1m[35mCREATE TABLE "trips" ("id" bigserial primary key, "destination" character varying NOT NULL, "trip_date" date NOT NULL, "notes" text, "created_at" timestamp(6) NOT NULL, "updated_at" timestamp(6) NOT NULL) /*application='TripRemindersApi'*/[0m
  [1m[36mActiveRecord::SchemaMigration Create (0.2ms)[0m  [1m[32mINSERT INTO "schema_migrations" ("version") VALUES ('20240217000001') RETURNING "version" /*application='TripRemindersApi'*/[0m
  [1m[36mTRANSACTION (0.3ms)[0m  [1m[35mCOMMIT /*application='TripRemindersApi'*/[0m
  [1m[35m (0.2ms)[0m  [1m[34mSELECT pg_advisory_unlock(5904115786707089175) /*application='TripRemindersApi'*/[0m
  [1m[36mActiveRecord::SchemaMigration Load (0.2ms)[0m  [1m[34mSELECT "schema_migrations"."version" FROM "schema_migrations" ORDER BY "schema_migrations"."version" ASC /*application='TripRemindersApi'*/[0m
  [1m[35mSQL (0.2ms)[0m  [1m[35mSET search_path TO public /*application='TripRemindersApi'*/[0m
  [1m[35mSQL (0.1ms)[0m  [1m[35mSET search_path TO "$user", public /*application='TripRemindersApi'*/[0m
  [1m[35mSQL (0.2ms)[0m  [1m[35mSET search_path TO public /*application='TripRemindersApi'*/[0m
  [1m[35mSQL (0.2ms)[0m  [1m[35mSET search_path TO "$user", public /*application='TripRemindersApi'*/[0m
Started GET "/" for ::1 at 2026-02-17 23:04:08 +0200
  [1m[36mActiveRecord::SchemaMigration Load (1.0ms)[0m  [1m[34mSELECT "schema_migrations"."version" FROM "schema_migrations" ORDER BY "schema_migrations"."version" ASC /*application='TripRemindersApi'*/[0m
Processing by Rails::WelcomeController#index as HTML
  Rendering /Users/georgethomas/.local/share/mise/installs/ruby/3.4.8/lib/ruby/gems/3.4.0/gems/railties-8.1.2/lib/rails/templates/rails/welcome/index.html.erb
  Rendered /Users/georgethomas/.local/share/mise/installs/ruby/3.4.8/lib/ruby/gems/3.4.0/gems/railties-8.1.2/lib/rails/templates/rails/welcome/index.html.erb (Duration: 0.2ms | GC: 0.0ms)
Completed 200 OK in 11ms (Views: 3.4ms | ActiveRecord: 0.0ms (0 queries, 0 cached) | GC: 0.0ms)


Started GET "/icon.png" for ::1 at 2026-02-17 23:04:08 +0200
  
ActionController::RoutingError (No route matches [GET] "/icon.png"):
  
Started GET "/sideqik" for ::1 at 2026-02-17 23:04:17 +0200
  
ActionController::RoutingError (No route matches [GET] "/sideqik"):
  
Started GET "/favicon.ico" for ::1 at 2026-02-17 23:04:17 +0200
  
ActionController::RoutingError (No route matches [GET] "/favicon.ico"):
  
Started GET "/sidekiq" for ::1 at 2026-02-17 23:04:36 +0200
  
RuntimeError (Sidekiq::Web needs a valid Rack session. If this is a Rails app, make
sure you mount Sidekiq::Web *inside* your application routes:


Rails.application.routes.draw do
  mount Sidekiq::Web => "/sidekiq"
  ....
end


If this is a Rails app in API mode, you need to enable sessions.

  https://guides.rubyonrails.org/api_app.html#using-session-middlewares

If this is a bare Rack app, use a session middleware before Sidekiq::Web:

  # first, use IRB to create a shared secret key for sessions and commit it
  require 'securerandom'; File.open(".session.key", "w") {|f| f.write(SecureRandom.hex(32)) }

  # now use the secret with a session cookie middleware
  use Rack::Session::Cookie, secret: File.read(".session.key"), same_site: true, max_age: 86400
  run Sidekiq::Web

):
  
sidekiq (8.1.1) lib/sidekiq/web/action.rb:70:in 'Sidekiq::Web::Action#session'
sidekiq (8.1.1) lib/sidekiq/web/helpers.rb:188:in 'Sidekiq::WebHelpers#locale'
sidekiq (8.1.1) lib/sidekiq/web/application.rb:429:in 'Sidekiq::Web::Application#call'
rack (3.2.5) lib/rack/static.rb:162:in 'Rack::Static#call'
rack (3.2.5) lib/rack/builder.rb:283:in 'Rack::Builder#call'
sidekiq (8.1.1) lib/sidekiq/web.rb:96:in 'Sidekiq::Web#call'
sidekiq (8.1.1) lib/sidekiq/web.rb:83:in 'Sidekiq::Web.call'
actionpack (8.1.2) lib/action_dispatch/routing/mapper.rb:33:in 'block in <class:Constraints>'
actionpack (8.1.2) lib/action_dispatch/routing/mapper.rb:62:in 'ActionDispatch::Routing::Mapper::Constraints#serve'
actionpack (8.1.2) lib/action_dispatch/journey/router.rb:35:in 'block in ActionDispatch::Journey::Router#serve'
actionpack (8.1.2) lib/action_dispatch/journey/router.rb:92:in 'block in ActionDispatch::Journey::Router#recognize'
actionpack (8.1.2) lib/action_dispatch/journey/router.rb:66:in 'Array#each'
actionpack (8.1.2) lib/action_dispatch/journey/router.rb:66:in 'ActionDispatch::Journey::Router#recognize'
actionpack (8.1.2) lib/action_dispatch/journey/router.rb:31:in 'ActionDispatch::Journey::Router#serve'
actionpack (8.1.2) lib/action_dispatch/routing/route_set.rb:906:in 'ActionDispatch::Routing::RouteSet#call'
railties (8.1.2) lib/rails/engine/lazy_route_set.rb:60:in 'Rails::Engine::LazyRouteSet#call'
rack (3.2.5) lib/rack/etag.rb:29:in 'Rack::ETag#call'
rack (3.2.5) lib/rack/conditional_get.rb:31:in 'Rack::ConditionalGet#call'
rack (3.2.5) lib/rack/head.rb:15:in 'Rack::Head#call'
activerecord (8.1.2) lib/active_record/migration.rb:671:in 'ActiveRecord::Migration::CheckPending#call'
actionpack (8.1.2) lib/action_dispatch/middleware/callbacks.rb:31:in 'block in ActionDispatch::Callbacks#call'
activesupport (8.1.2) lib/active_support/callbacks.rb:101:in 'ActiveSupport::Callbacks#run_callbacks'
actionpack (8.1.2) lib/action_dispatch/middleware/callbacks.rb:30:in 'ActionDispatch::Callbacks#call'
actionpack (8.1.2) lib/action_dispatch/middleware/executor.rb:20:in 'ActionDispatch::Executor#call'
actionpack (8.1.2) lib/action_dispatch/middleware/actionable_exceptions.rb:18:in 'ActionDispatch::ActionableExceptions#call'
actionpack (8.1.2) lib/action_dispatch/middleware/debug_exceptions.rb:31:in 'ActionDispatch::DebugExceptions#call'
actionpack (8.1.2) lib/action_dispatch/middleware/show_exceptions.rb:32:in 'ActionDispatch::ShowExceptions#call'
railties (8.1.2) lib/rails/rack/logger.rb:41:in 'Rails::Rack::Logger#call_app'
railties (8.1.2) lib/rails/rack/logger.rb:29:in 'Rails::Rack::Logger#call'
actionpack (8.1.2) lib/action_dispatch/middleware/remote_ip.rb:98:in 'ActionDispatch::RemoteIp#call'
actionpack (8.1.2) lib/action_dispatch/middleware/request_id.rb:34:in 'ActionDispatch::RequestId#call'
rack (3.2.5) lib/rack/runtime.rb:24:in 'Rack::Runtime#call'
activesupport (8.1.2) lib/active_support/cache/strategy/local_cache_middleware.rb:30:in 'ActiveSupport::Cache::Strategy::LocalCache::Middleware#call'
actionpack (8.1.2) lib/action_dispatch/middleware/server_timing.rb:61:in 'block in ActionDispatch::ServerTiming#call'
actionpack (8.1.2) lib/action_dispatch/middleware/server_timing.rb:26:in 'ActionDispatch::ServerTiming::Subscriber#collect_events'
actionpack (8.1.2) lib/action_dispatch/middleware/server_timing.rb:60:in 'ActionDispatch::ServerTiming#call'
actionpack (8.1.2) lib/action_dispatch/middleware/executor.rb:20:in 'ActionDispatch::Executor#call'
actionpack (8.1.2) lib/action_dispatch/middleware/static.rb:27:in 'ActionDispatch::Static#call'
rack (3.2.5) lib/rack/sendfile.rb:131:in 'Rack::Sendfile#call'
actionpack (8.1.2) lib/action_dispatch/middleware/host_authorization.rb:143:in 'ActionDispatch::HostAuthorization#call'
rack-cors (3.0.0) lib/rack/cors.rb:102:in 'Rack::Cors#call'
railties (8.1.2) lib/rails/engine.rb:534:in 'Rails::Engine#call'
puma (7.2.0) lib/puma/configuration.rb:296:in 'Puma::Configuration::ConfigMiddleware#call'
puma (7.2.0) lib/puma/request.rb:103:in 'block in Puma::Request#handle_request'
puma (7.2.0) lib/puma/thread_pool.rb:355:in 'Puma::ThreadPool#with_force_shutdown'
puma (7.2.0) lib/puma/request.rb:102:in 'Puma::Request#handle_request'
puma (7.2.0) lib/puma/server.rb:503:in 'Puma::Server#process_client'
puma (7.2.0) lib/puma/server.rb:262:in 'block in Puma::Server#run'
puma (7.2.0) lib/puma/thread_pool.rb:182:in 'block in Puma::ThreadPool#spawn_thread'
Started GET "/trips" for ::1 at 2026-02-17 23:04:56 +0200
Processing by TripsController#index as */*
  [1m[36mTrip Load (0.7ms)[0m  [1m[34mSELECT "trips".* FROM "trips" ORDER BY "trips"."trip_date" ASC /*action='index',application='TripRemindersApi',controller='trips'*/[0m
  ↳ app/controllers/trips_controller.rb:7:in 'TripsController#index'
Completed 200 OK in 63ms (Views: 1.4ms | ActiveRecord: 14.4ms (1 query, 0 cached) | GC: 1.3ms)


Started GET "/trips" for ::1 at 2026-02-17 23:04:56 +0200
Processing by TripsController#index as */*
  [1m[36mTrip Load (0.5ms)[0m  [1m[34mSELECT "trips".* FROM "trips" ORDER BY "trips"."trip_date" ASC /*action='index',application='TripRemindersApi',controller='trips'*/[0m
  ↳ app/controllers/trips_controller.rb:7:in 'TripsController#index'
Completed 200 OK in 1ms (Views: 0.6ms | ActiveRecord: 0.5ms (1 query, 0 cached) | GC: 0.0ms)


Started GET "/sidekiq" for ::1 at 2026-02-17 23:06:13 +0200
  
RuntimeError (Sidekiq::Web needs a valid Rack session. If this is a Rails app, make
sure you mount Sidekiq::Web *inside* your application routes:


Rails.application.routes.draw do
  mount Sidekiq::Web => "/sidekiq"
  ....
end


If this is a Rails app in API mode, you need to enable sessions.

  https://guides.rubyonrails.org/api_app.html#using-session-middlewares

If this is a bare Rack app, use a session middleware before Sidekiq::Web:

  # first, use IRB to create a shared secret key for sessions and commit it
  require 'securerandom'; File.open(".session.key", "w") {|f| f.write(SecureRandom.hex(32)) }

  # now use the secret with a session cookie middleware
  use Rack::Session::Cookie, secret: File.read(".session.key"), same_site: true, max_age: 86400
  run Sidekiq::Web

):
  
sidekiq (8.1.1) lib/sidekiq/web/action.rb:70:in 'Sidekiq::Web::Action#session'
sidekiq (8.1.1) lib/sidekiq/web/helpers.rb:188:in 'Sidekiq::WebHelpers#locale'
sidekiq (8.1.1) lib/sidekiq/web/application.rb:429:in 'Sidekiq::Web::Application#call'
rack (3.2.5) lib/rack/static.rb:162:in 'Rack::Static#call'
rack (3.2.5) lib/rack/builder.rb:283:in 'Rack::Builder#call'
sidekiq (8.1.1) lib/sidekiq/web.rb:96:in 'Sidekiq::Web#call'
sidekiq (8.1.1) lib/sidekiq/web.rb:83:in 'Sidekiq::Web.call'
actionpack (8.1.2) lib/action_dispatch/routing/mapper.rb:33:in 'block in <class:Constraints>'
actionpack (8.1.2) lib/action_dispatch/routing/mapper.rb:62:in 'ActionDispatch::Routing::Mapper::Constraints#serve'
actionpack (8.1.2) lib/action_dispatch/journey/router.rb:35:in 'block in ActionDispatch::Journey::Router#serve'
actionpack (8.1.2) lib/action_dispatch/journey/router.rb:92:in 'block in ActionDispatch::Journey::Router#recognize'
actionpack (8.1.2) lib/action_dispatch/journey/router.rb:66:in 'Array#each'
actionpack (8.1.2) lib/action_dispatch/journey/router.rb:66:in 'ActionDispatch::Journey::Router#recognize'
actionpack (8.1.2) lib/action_dispatch/journey/router.rb:31:in 'ActionDispatch::Journey::Router#serve'
actionpack (8.1.2) lib/action_dispatch/routing/route_set.rb:906:in 'ActionDispatch::Routing::RouteSet#call'
railties (8.1.2) lib/rails/engine/lazy_route_set.rb:60:in 'Rails::Engine::LazyRouteSet#call'
rack (3.2.5) lib/rack/etag.rb:29:in 'Rack::ETag#call'
rack (3.2.5) lib/rack/conditional_get.rb:31:in 'Rack::ConditionalGet#call'
rack (3.2.5) lib/rack/head.rb:15:in 'Rack::Head#call'
activerecord (8.1.2) lib/active_record/migration.rb:671:in 'ActiveRecord::Migration::CheckPending#call'
actionpack (8.1.2) lib/action_dispatch/middleware/callbacks.rb:31:in 'block in ActionDispatch::Callbacks#call'
activesupport (8.1.2) lib/active_support/callbacks.rb:101:in 'ActiveSupport::Callbacks#run_callbacks'
actionpack (8.1.2) lib/action_dispatch/middleware/callbacks.rb:30:in 'ActionDispatch::Callbacks#call'
actionpack (8.1.2) lib/action_dispatch/middleware/executor.rb:20:in 'ActionDispatch::Executor#call'
actionpack (8.1.2) lib/action_dispatch/middleware/actionable_exceptions.rb:18:in 'ActionDispatch::ActionableExceptions#call'
actionpack (8.1.2) lib/action_dispatch/middleware/debug_exceptions.rb:31:in 'ActionDispatch::DebugExceptions#call'
actionpack (8.1.2) lib/action_dispatch/middleware/show_exceptions.rb:32:in 'ActionDispatch::ShowExceptions#call'
railties (8.1.2) lib/rails/rack/logger.rb:41:in 'Rails::Rack::Logger#call_app'
railties (8.1.2) lib/rails/rack/logger.rb:29:in 'Rails::Rack::Logger#call'
actionpack (8.1.2) lib/action_dispatch/middleware/remote_ip.rb:98:in 'ActionDispatch::RemoteIp#call'
actionpack (8.1.2) lib/action_dispatch/middleware/request_id.rb:34:in 'ActionDispatch::RequestId#call'
rack (3.2.5) lib/rack/runtime.rb:24:in 'Rack::Runtime#call'
activesupport (8.1.2) lib/active_support/cache/strategy/local_cache_middleware.rb:30:in 'ActiveSupport::Cache::Strategy::LocalCache::Middleware#call'
actionpack (8.1.2) lib/action_dispatch/middleware/server_timing.rb:61:in 'block in ActionDispatch::ServerTiming#call'
actionpack (8.1.2) lib/action_dispatch/middleware/server_timing.rb:26:in 'ActionDispatch::ServerTiming::Subscriber#collect_events'
actionpack (8.1.2) lib/action_dispatch/middleware/server_timing.rb:60:in 'ActionDispatch::ServerTiming#call'
actionpack (8.1.2) lib/action_dispatch/middleware/executor.rb:20:in 'ActionDispatch::Executor#call'
actionpack (8.1.2) lib/action_dispatch/middleware/static.rb:27:in 'ActionDispatch::Static#call'
rack (3.2.5) lib/rack/sendfile.rb:131:in 'Rack::Sendfile#call'
actionpack (8.1.2) lib/action_dispatch/middleware/host_authorization.rb:143:in 'ActionDispatch::HostAuthorization#call'
rack-cors (3.0.0) lib/rack/cors.rb:102:in 'Rack::Cors#call'
railties (8.1.2) lib/rails/engine.rb:534:in 'Rails::Engine#call'
puma (7.2.0) lib/puma/configuration.rb:296:in 'Puma::Configuration::ConfigMiddleware#call'
puma (7.2.0) lib/puma/request.rb:103:in 'block in Puma::Request#handle_request'
puma (7.2.0) lib/puma/thread_pool.rb:355:in 'Puma::ThreadPool#with_force_shutdown'
puma (7.2.0) lib/puma/request.rb:102:in 'Puma::Request#handle_request'
puma (7.2.0) lib/puma/server.rb:503:in 'Puma::Server#process_client'
puma (7.2.0) lib/puma/server.rb:262:in 'block in Puma::Server#run'
puma (7.2.0) lib/puma/thread_pool.rb:182:in 'block in Puma::ThreadPool#spawn_thread'
Started GET "/sidekiq" for ::1 at 2026-02-17 23:06:15 +0200
  
RuntimeError (Sidekiq::Web needs a valid Rack session. If this is a Rails app, make
sure you mount Sidekiq::Web *inside* your application routes:


Rails.application.routes.draw do
  mount Sidekiq::Web => "/sidekiq"
  ....
end


If this is a Rails app in API mode, you need to enable sessions.

  https://guides.rubyonrails.org/api_app.html#using-session-middlewares

If this is a bare Rack app, use a session middleware before Sidekiq::Web:

  # first, use IRB to create a shared secret key for sessions and commit it
  require 'securerandom'; File.open(".session.key", "w") {|f| f.write(SecureRandom.hex(32)) }

  # now use the secret with a session cookie middleware
  use Rack::Session::Cookie, secret: File.read(".session.key"), same_site: true, max_age: 86400
  run Sidekiq::Web

):
  
sidekiq (8.1.1) lib/sidekiq/web/action.rb:70:in 'Sidekiq::Web::Action#session'
sidekiq (8.1.1) lib/sidekiq/web/helpers.rb:188:in 'Sidekiq::WebHelpers#locale'
sidekiq (8.1.1) lib/sidekiq/web/application.rb:429:in 'Sidekiq::Web::Application#call'
rack (3.2.5) lib/rack/static.rb:162:in 'Rack::Static#call'
rack (3.2.5) lib/rack/builder.rb:283:in 'Rack::Builder#call'
sidekiq (8.1.1) lib/sidekiq/web.rb:96:in 'Sidekiq::Web#call'
sidekiq (8.1.1) lib/sidekiq/web.rb:83:in 'Sidekiq::Web.call'
actionpack (8.1.2) lib/action_dispatch/routing/mapper.rb:33:in 'block in <class:Constraints>'
actionpack (8.1.2) lib/action_dispatch/routing/mapper.rb:62:in 'ActionDispatch::Routing::Mapper::Constraints#serve'
actionpack (8.1.2) lib/action_dispatch/journey/router.rb:35:in 'block in ActionDispatch::Journey::Router#serve'
actionpack (8.1.2) lib/action_dispatch/journey/router.rb:92:in 'block in ActionDispatch::Journey::Router#recognize'
actionpack (8.1.2) lib/action_dispatch/journey/router.rb:66:in 'Array#each'
actionpack (8.1.2) lib/action_dispatch/journey/router.rb:66:in 'ActionDispatch::Journey::Router#recognize'
actionpack (8.1.2) lib/action_dispatch/journey/router.rb:31:in 'ActionDispatch::Journey::Router#serve'
actionpack (8.1.2) lib/action_dispatch/routing/route_set.rb:906:in 'ActionDispatch::Routing::RouteSet#call'
railties (8.1.2) lib/rails/engine/lazy_route_set.rb:60:in 'Rails::Engine::LazyRouteSet#call'
rack (3.2.5) lib/rack/etag.rb:29:in 'Rack::ETag#call'
rack (3.2.5) lib/rack/conditional_get.rb:31:in 'Rack::ConditionalGet#call'
rack (3.2.5) lib/rack/head.rb:15:in 'Rack::Head#call'
activerecord (8.1.2) lib/active_record/migration.rb:671:in 'ActiveRecord::Migration::CheckPending#call'
actionpack (8.1.2) lib/action_dispatch/middleware/callbacks.rb:31:in 'block in ActionDispatch::Callbacks#call'
activesupport (8.1.2) lib/active_support/callbacks.rb:101:in 'ActiveSupport::Callbacks#run_callbacks'
actionpack (8.1.2) lib/action_dispatch/middleware/callbacks.rb:30:in 'ActionDispatch::Callbacks#call'
actionpack (8.1.2) lib/action_dispatch/middleware/executor.rb:20:in 'ActionDispatch::Executor#call'
actionpack (8.1.2) lib/action_dispatch/middleware/actionable_exceptions.rb:18:in 'ActionDispatch::ActionableExceptions#call'
actionpack (8.1.2) lib/action_dispatch/middleware/debug_exceptions.rb:31:in 'ActionDispatch::DebugExceptions#call'
actionpack (8.1.2) lib/action_dispatch/middleware/show_exceptions.rb:32:in 'ActionDispatch::ShowExceptions#call'
railties (8.1.2) lib/rails/rack/logger.rb:41:in 'Rails::Rack::Logger#call_app'
railties (8.1.2) lib/rails/rack/logger.rb:29:in 'Rails::Rack::Logger#call'
actionpack (8.1.2) lib/action_dispatch/middleware/remote_ip.rb:98:in 'ActionDispatch::RemoteIp#call'
actionpack (8.1.2) lib/action_dispatch/middleware/request_id.rb:34:in 'ActionDispatch::RequestId#call'
rack (3.2.5) lib/rack/runtime.rb:24:in 'Rack::Runtime#call'
activesupport (8.1.2) lib/active_support/cache/strategy/local_cache_middleware.rb:30:in 'ActiveSupport::Cache::Strategy::LocalCache::Middleware#call'
actionpack (8.1.2) lib/action_dispatch/middleware/server_timing.rb:61:in 'block in ActionDispatch::ServerTiming#call'
actionpack (8.1.2) lib/action_dispatch/middleware/server_timing.rb:26:in 'ActionDispatch::ServerTiming::Subscriber#collect_events'
actionpack (8.1.2) lib/action_dispatch/middleware/server_timing.rb:60:in 'ActionDispatch::ServerTiming#call'
actionpack (8.1.2) lib/action_dispatch/middleware/executor.rb:20:in 'ActionDispatch::Executor#call'
actionpack (8.1.2) lib/action_dispatch/middleware/static.rb:27:in 'ActionDispatch::Static#call'
rack (3.2.5) lib/rack/sendfile.rb:131:in 'Rack::Sendfile#call'
actionpack (8.1.2) lib/action_dispatch/middleware/host_authorization.rb:143:in 'ActionDispatch::HostAuthorization#call'
rack-cors (3.0.0) lib/rack/cors.rb:102:in 'Rack::Cors#call'
railties (8.1.2) lib/rails/engine.rb:534:in 'Rails::Engine#call'
puma (7.2.0) lib/puma/configuration.rb:296:in 'Puma::Configuration::ConfigMiddleware#call'
puma (7.2.0) lib/puma/request.rb:103:in 'block in Puma::Request#handle_request'
puma (7.2.0) lib/puma/thread_pool.rb:355:in 'Puma::ThreadPool#with_force_shutdown'
puma (7.2.0) lib/puma/request.rb:102:in 'Puma::Request#handle_request'
puma (7.2.0) lib/puma/server.rb:503:in 'Puma::Server#process_client'
puma (7.2.0) lib/puma/server.rb:262:in 'block in Puma::Server#run'
puma (7.2.0) lib/puma/thread_pool.rb:182:in 'block in Puma::ThreadPool#spawn_thread'
Started GET "/sidekiq" for ::1 at 2026-02-17 23:06:16 +0200
  
RuntimeError (Sidekiq::Web needs a valid Rack session. If this is a Rails app, make
sure you mount Sidekiq::Web *inside* your application routes:


Rails.application.routes.draw do
  mount Sidekiq::Web => "/sidekiq"
  ....
end


If this is a Rails app in API mode, you need to enable sessions.

  https://guides.rubyonrails.org/api_app.html#using-session-middlewares

If this is a bare Rack app, use a session middleware before Sidekiq::Web:

  # first, use IRB to create a shared secret key for sessions and commit it
  require 'securerandom'; File.open(".session.key", "w") {|f| f.write(SecureRandom.hex(32)) }

  # now use the secret with a session cookie middleware
  use Rack::Session::Cookie, secret: File.read(".session.key"), same_site: true, max_age: 86400
  run Sidekiq::Web

):
  
sidekiq (8.1.1) lib/sidekiq/web/action.rb:70:in 'Sidekiq::Web::Action#session'
sidekiq (8.1.1) lib/sidekiq/web/helpers.rb:188:in 'Sidekiq::WebHelpers#locale'
sidekiq (8.1.1) lib/sidekiq/web/application.rb:429:in 'Sidekiq::Web::Application#call'
rack (3.2.5) lib/rack/static.rb:162:in 'Rack::Static#call'
rack (3.2.5) lib/rack/builder.rb:283:in 'Rack::Builder#call'
sidekiq (8.1.1) lib/sidekiq/web.rb:96:in 'Sidekiq::Web#call'
sidekiq (8.1.1) lib/sidekiq/web.rb:83:in 'Sidekiq::Web.call'
actionpack (8.1.2) lib/action_dispatch/routing/mapper.rb:33:in 'block in <class:Constraints>'
actionpack (8.1.2) lib/action_dispatch/routing/mapper.rb:62:in 'ActionDispatch::Routing::Mapper::Constraints#serve'
actionpack (8.1.2) lib/action_dispatch/journey/router.rb:35:in 'block in ActionDispatch::Journey::Router#serve'
actionpack (8.1.2) lib/action_dispatch/journey/router.rb:92:in 'block in ActionDispatch::Journey::Router#recognize'
actionpack (8.1.2) lib/action_dispatch/journey/router.rb:66:in 'Array#each'
actionpack (8.1.2) lib/action_dispatch/journey/router.rb:66:in 'ActionDispatch::Journey::Router#recognize'
actionpack (8.1.2) lib/action_dispatch/journey/router.rb:31:in 'ActionDispatch::Journey::Router#serve'
actionpack (8.1.2) lib/action_dispatch/routing/route_set.rb:906:in 'ActionDispatch::Routing::RouteSet#call'
railties (8.1.2) lib/rails/engine/lazy_route_set.rb:60:in 'Rails::Engine::LazyRouteSet#call'
rack (3.2.5) lib/rack/etag.rb:29:in 'Rack::ETag#call'
rack (3.2.5) lib/rack/conditional_get.rb:31:in 'Rack::ConditionalGet#call'
rack (3.2.5) lib/rack/head.rb:15:in 'Rack::Head#call'
activerecord (8.1.2) lib/active_record/migration.rb:671:in 'ActiveRecord::Migration::CheckPending#call'
actionpack (8.1.2) lib/action_dispatch/middleware/callbacks.rb:31:in 'block in ActionDispatch::Callbacks#call'
activesupport (8.1.2) lib/active_support/callbacks.rb:101:in 'ActiveSupport::Callbacks#run_callbacks'
actionpack (8.1.2) lib/action_dispatch/middleware/callbacks.rb:30:in 'ActionDispatch::Callbacks#call'
actionpack (8.1.2) lib/action_dispatch/middleware/executor.rb:20:in 'ActionDispatch::Executor#call'
actionpack (8.1.2) lib/action_dispatch/middleware/actionable_exceptions.rb:18:in 'ActionDispatch::ActionableExceptions#call'
actionpack (8.1.2) lib/action_dispatch/middleware/debug_exceptions.rb:31:in 'ActionDispatch::DebugExceptions#call'
actionpack (8.1.2) lib/action_dispatch/middleware/show_exceptions.rb:32:in 'ActionDispatch::ShowExceptions#call'
railties (8.1.2) lib/rails/rack/logger.rb:41:in 'Rails::Rack::Logger#call_app'
railties (8.1.2) lib/rails/rack/logger.rb:29:in 'Rails::Rack::Logger#call'
actionpack (8.1.2) lib/action_dispatch/middleware/remote_ip.rb:98:in 'ActionDispatch::RemoteIp#call'
actionpack (8.1.2) lib/action_dispatch/middleware/request_id.rb:34:in 'ActionDispatch::RequestId#call'
rack (3.2.5) lib/rack/runtime.rb:24:in 'Rack::Runtime#call'
activesupport (8.1.2) lib/active_support/cache/strategy/local_cache_middleware.rb:30:in 'ActiveSupport::Cache::Strategy::LocalCache::Middleware#call'
actionpack (8.1.2) lib/action_dispatch/middleware/server_timing.rb:61:in 'block in ActionDispatch::ServerTiming#call'
actionpack (8.1.2) lib/action_dispatch/middleware/server_timing.rb:26:in 'ActionDispatch::ServerTiming::Subscriber#collect_events'
actionpack (8.1.2) lib/action_dispatch/middleware/server_timing.rb:60:in 'ActionDispatch::ServerTiming#call'
actionpack (8.1.2) lib/action_dispatch/middleware/executor.rb:20:in 'ActionDispatch::Executor#call'
actionpack (8.1.2) lib/action_dispatch/middleware/static.rb:27:in 'ActionDispatch::Static#call'
rack (3.2.5) lib/rack/sendfile.rb:131:in 'Rack::Sendfile#call'
actionpack (8.1.2) lib/action_dispatch/middleware/host_authorization.rb:143:in 'ActionDispatch::HostAuthorization#call'
rack-cors (3.0.0) lib/rack/cors.rb:102:in 'Rack::Cors#call'
railties (8.1.2) lib/rails/engine.rb:534:in 'Rails::Engine#call'
puma (7.2.0) lib/puma/configuration.rb:296:in 'Puma::Configuration::ConfigMiddleware#call'
puma (7.2.0) lib/puma/request.rb:103:in 'block in Puma::Request#handle_request'
puma (7.2.0) lib/puma/thread_pool.rb:355:in 'Puma::ThreadPool#with_force_shutdown'
puma (7.2.0) lib/puma/request.rb:102:in 'Puma::Request#handle_request'
puma (7.2.0) lib/puma/server.rb:503:in 'Puma::Server#process_client'
puma (7.2.0) lib/puma/server.rb:262:in 'block in Puma::Server#run'
puma (7.2.0) lib/puma/thread_pool.rb:182:in 'block in Puma::ThreadPool#spawn_thread'
Started GET "/sidekiq" for ::1 at 2026-02-17 23:06:16 +0200
  
RuntimeError (Sidekiq::Web needs a valid Rack session. If this is a Rails app, make
sure you mount Sidekiq::Web *inside* your application routes:


Rails.application.routes.draw do
  mount Sidekiq::Web => "/sidekiq"
  ....
end


If this is a Rails app in API mode, you need to enable sessions.

  https://guides.rubyonrails.org/api_app.html#using-session-middlewares

If this is a bare Rack app, use a session middleware before Sidekiq::Web:

  # first, use IRB to create a shared secret key for sessions and commit it
  require 'securerandom'; File.open(".session.key", "w") {|f| f.write(SecureRandom.hex(32)) }

  # now use the secret with a session cookie middleware
  use Rack::Session::Cookie, secret: File.read(".session.key"), same_site: true, max_age: 86400
  run Sidekiq::Web

):
  
sidekiq (8.1.1) lib/sidekiq/web/action.rb:70:in 'Sidekiq::Web::Action#session'
sidekiq (8.1.1) lib/sidekiq/web/helpers.rb:188:in 'Sidekiq::WebHelpers#locale'
sidekiq (8.1.1) lib/sidekiq/web/application.rb:429:in 'Sidekiq::Web::Application#call'
rack (3.2.5) lib/rack/static.rb:162:in 'Rack::Static#call'
rack (3.2.5) lib/rack/builder.rb:283:in 'Rack::Builder#call'
sidekiq (8.1.1) lib/sidekiq/web.rb:96:in 'Sidekiq::Web#call'
sidekiq (8.1.1) lib/sidekiq/web.rb:83:in 'Sidekiq::Web.call'
actionpack (8.1.2) lib/action_dispatch/routing/mapper.rb:33:in 'block in <class:Constraints>'
actionpack (8.1.2) lib/action_dispatch/routing/mapper.rb:62:in 'ActionDispatch::Routing::Mapper::Constraints#serve'
actionpack (8.1.2) lib/action_dispatch/journey/router.rb:35:in 'block in ActionDispatch::Journey::Router#serve'
actionpack (8.1.2) lib/action_dispatch/journey/router.rb:92:in 'block in ActionDispatch::Journey::Router#recognize'
actionpack (8.1.2) lib/action_dispatch/journey/router.rb:66:in 'Array#each'
actionpack (8.1.2) lib/action_dispatch/journey/router.rb:66:in 'ActionDispatch::Journey::Router#recognize'
actionpack (8.1.2) lib/action_dispatch/journey/router.rb:31:in 'ActionDispatch::Journey::Router#serve'
actionpack (8.1.2) lib/action_dispatch/routing/route_set.rb:906:in 'ActionDispatch::Routing::RouteSet#call'
railties (8.1.2) lib/rails/engine/lazy_route_set.rb:60:in 'Rails::Engine::LazyRouteSet#call'
rack (3.2.5) lib/rack/etag.rb:29:in 'Rack::ETag#call'
rack (3.2.5) lib/rack/conditional_get.rb:31:in 'Rack::ConditionalGet#call'
rack (3.2.5) lib/rack/head.rb:15:in 'Rack::Head#call'
activerecord (8.1.2) lib/active_record/migration.rb:671:in 'ActiveRecord::Migration::CheckPending#call'
actionpack (8.1.2) lib/action_dispatch/middleware/callbacks.rb:31:in 'block in ActionDispatch::Callbacks#call'
activesupport (8.1.2) lib/active_support/callbacks.rb:101:in 'ActiveSupport::Callbacks#run_callbacks'
actionpack (8.1.2) lib/action_dispatch/middleware/callbacks.rb:30:in 'ActionDispatch::Callbacks#call'
actionpack (8.1.2) lib/action_dispatch/middleware/executor.rb:20:in 'ActionDispatch::Executor#call'
actionpack (8.1.2) lib/action_dispatch/middleware/actionable_exceptions.rb:18:in 'ActionDispatch::ActionableExceptions#call'
actionpack (8.1.2) lib/action_dispatch/middleware/debug_exceptions.rb:31:in 'ActionDispatch::DebugExceptions#call'
actionpack (8.1.2) lib/action_dispatch/middleware/show_exceptions.rb:32:in 'ActionDispatch::ShowExceptions#call'
railties (8.1.2) lib/rails/rack/logger.rb:41:in 'Rails::Rack::Logger#call_app'
railties (8.1.2) lib/rails/rack/logger.rb:29:in 'Rails::Rack::Logger#call'
actionpack (8.1.2) lib/action_dispatch/middleware/remote_ip.rb:98:in 'ActionDispatch::RemoteIp#call'
actionpack (8.1.2) lib/action_dispatch/middleware/request_id.rb:34:in 'ActionDispatch::RequestId#call'
rack (3.2.5) lib/rack/runtime.rb:24:in 'Rack::Runtime#call'
activesupport (8.1.2) lib/active_support/cache/strategy/local_cache_middleware.rb:30:in 'ActiveSupport::Cache::Strategy::LocalCache::Middleware#call'
actionpack (8.1.2) lib/action_dispatch/middleware/server_timing.rb:61:in 'block in ActionDispatch::ServerTiming#call'
actionpack (8.1.2) lib/action_dispatch/middleware/server_timing.rb:26:in 'ActionDispatch::ServerTiming::Subscriber#collect_events'
actionpack (8.1.2) lib/action_dispatch/middleware/server_timing.rb:60:in 'ActionDispatch::ServerTiming#call'
actionpack (8.1.2) lib/action_dispatch/middleware/executor.rb:20:in 'ActionDispatch::Executor#call'
actionpack (8.1.2) lib/action_dispatch/middleware/static.rb:27:in 'ActionDispatch::Static#call'
rack (3.2.5) lib/rack/sendfile.rb:131:in 'Rack::Sendfile#call'
actionpack (8.1.2) lib/action_dispatch/middleware/host_authorization.rb:143:in 'ActionDispatch::HostAuthorization#call'
rack-cors (3.0.0) lib/rack/cors.rb:102:in 'Rack::Cors#call'
railties (8.1.2) lib/rails/engine.rb:534:in 'Rails::Engine#call'
puma (7.2.0) lib/puma/configuration.rb:296:in 'Puma::Configuration::ConfigMiddleware#call'
puma (7.2.0) lib/puma/request.rb:103:in 'block in Puma::Request#handle_request'
puma (7.2.0) lib/puma/thread_pool.rb:355:in 'Puma::ThreadPool#with_force_shutdown'
puma (7.2.0) lib/puma/request.rb:102:in 'Puma::Request#handle_request'
puma (7.2.0) lib/puma/server.rb:503:in 'Puma::Server#process_client'
puma (7.2.0) lib/puma/server.rb:262:in 'block in Puma::Server#run'
puma (7.2.0) lib/puma/thread_pool.rb:182:in 'block in Puma::ThreadPool#spawn_thread'
Started GET "/sidekiq" for ::1 at 2026-02-17 23:06:20 +0200
  
RuntimeError (Sidekiq::Web needs a valid Rack session. If this is a Rails app, make
sure you mount Sidekiq::Web *inside* your application routes:


Rails.application.routes.draw do
  mount Sidekiq::Web => "/sidekiq"
  ....
end


If this is a Rails app in API mode, you need to enable sessions.

  https://guides.rubyonrails.org/api_app.html#using-session-middlewares

If this is a bare Rack app, use a session middleware before Sidekiq::Web:

  # first, use IRB to create a shared secret key for sessions and commit it
  require 'securerandom'; File.open(".session.key", "w") {|f| f.write(SecureRandom.hex(32)) }

  # now use the secret with a session cookie middleware
  use Rack::Session::Cookie, secret: File.read(".session.key"), same_site: true, max_age: 86400
  run Sidekiq::Web

):
  
sidekiq (8.1.1) lib/sidekiq/web/action.rb:70:in 'Sidekiq::Web::Action#session'
sidekiq (8.1.1) lib/sidekiq/web/helpers.rb:188:in 'Sidekiq::WebHelpers#locale'
sidekiq (8.1.1) lib/sidekiq/web/application.rb:429:in 'Sidekiq::Web::Application#call'
rack (3.2.5) lib/rack/static.rb:162:in 'Rack::Static#call'
rack (3.2.5) lib/rack/builder.rb:283:in 'Rack::Builder#call'
sidekiq (8.1.1) lib/sidekiq/web.rb:96:in 'Sidekiq::Web#call'
sidekiq (8.1.1) lib/sidekiq/web.rb:83:in 'Sidekiq::Web.call'
actionpack (8.1.2) lib/action_dispatch/routing/mapper.rb:33:in 'block in <class:Constraints>'
actionpack (8.1.2) lib/action_dispatch/routing/mapper.rb:62:in 'ActionDispatch::Routing::Mapper::Constraints#serve'
actionpack (8.1.2) lib/action_dispatch/journey/router.rb:35:in 'block in ActionDispatch::Journey::Router#serve'
actionpack (8.1.2) lib/action_dispatch/journey/router.rb:92:in 'block in ActionDispatch::Journey::Router#recognize'
actionpack (8.1.2) lib/action_dispatch/journey/router.rb:66:in 'Array#each'
actionpack (8.1.2) lib/action_dispatch/journey/router.rb:66:in 'ActionDispatch::Journey::Router#recognize'
actionpack (8.1.2) lib/action_dispatch/journey/router.rb:31:in 'ActionDispatch::Journey::Router#serve'
actionpack (8.1.2) lib/action_dispatch/routing/route_set.rb:906:in 'ActionDispatch::Routing::RouteSet#call'
railties (8.1.2) lib/rails/engine/lazy_route_set.rb:60:in 'Rails::Engine::LazyRouteSet#call'
rack (3.2.5) lib/rack/etag.rb:29:in 'Rack::ETag#call'
rack (3.2.5) lib/rack/conditional_get.rb:31:in 'Rack::ConditionalGet#call'
rack (3.2.5) lib/rack/head.rb:15:in 'Rack::Head#call'
activerecord (8.1.2) lib/active_record/migration.rb:671:in 'ActiveRecord::Migration::CheckPending#call'
actionpack (8.1.2) lib/action_dispatch/middleware/callbacks.rb:31:in 'block in ActionDispatch::Callbacks#call'
activesupport (8.1.2) lib/active_support/callbacks.rb:101:in 'ActiveSupport::Callbacks#run_callbacks'
actionpack (8.1.2) lib/action_dispatch/middleware/callbacks.rb:30:in 'ActionDispatch::Callbacks#call'
actionpack (8.1.2) lib/action_dispatch/middleware/executor.rb:20:in 'ActionDispatch::Executor#call'
actionpack (8.1.2) lib/action_dispatch/middleware/actionable_exceptions.rb:18:in 'ActionDispatch::ActionableExceptions#call'
actionpack (8.1.2) lib/action_dispatch/middleware/debug_exceptions.rb:31:in 'ActionDispatch::DebugExceptions#call'
actionpack (8.1.2) lib/action_dispatch/middleware/show_exceptions.rb:32:in 'ActionDispatch::ShowExceptions#call'
railties (8.1.2) lib/rails/rack/logger.rb:41:in 'Rails::Rack::Logger#call_app'
railties (8.1.2) lib/rails/rack/logger.rb:29:in 'Rails::Rack::Logger#call'
actionpack (8.1.2) lib/action_dispatch/middleware/remote_ip.rb:98:in 'ActionDispatch::RemoteIp#call'
actionpack (8.1.2) lib/action_dispatch/middleware/request_id.rb:34:in 'ActionDispatch::RequestId#call'
rack (3.2.5) lib/rack/runtime.rb:24:in 'Rack::Runtime#call'
activesupport (8.1.2) lib/active_support/cache/strategy/local_cache_middleware.rb:30:in 'ActiveSupport::Cache::Strategy::LocalCache::Middleware#call'
actionpack (8.1.2) lib/action_dispatch/middleware/server_timing.rb:61:in 'block in ActionDispatch::ServerTiming#call'
actionpack (8.1.2) lib/action_dispatch/middleware/server_timing.rb:26:in 'ActionDispatch::ServerTiming::Subscriber#collect_events'
actionpack (8.1.2) lib/action_dispatch/middleware/server_timing.rb:60:in 'ActionDispatch::ServerTiming#call'
actionpack (8.1.2) lib/action_dispatch/middleware/executor.rb:20:in 'ActionDispatch::Executor#call'
actionpack (8.1.2) lib/action_dispatch/middleware/static.rb:27:in 'ActionDispatch::Static#call'
rack (3.2.5) lib/rack/sendfile.rb:131:in 'Rack::Sendfile#call'
actionpack (8.1.2) lib/action_dispatch/middleware/host_authorization.rb:143:in 'ActionDispatch::HostAuthorization#call'
rack-cors (3.0.0) lib/rack/cors.rb:102:in 'Rack::Cors#call'
railties (8.1.2) lib/rails/engine.rb:534:in 'Rails::Engine#call'
puma (7.2.0) lib/puma/configuration.rb:296:in 'Puma::Configuration::ConfigMiddleware#call'
puma (7.2.0) lib/puma/request.rb:103:in 'block in Puma::Request#handle_request'
puma (7.2.0) lib/puma/thread_pool.rb:355:in 'Puma::ThreadPool#with_force_shutdown'
puma (7.2.0) lib/puma/request.rb:102:in 'Puma::Request#handle_request'
puma (7.2.0) lib/puma/server.rb:503:in 'Puma::Server#process_client'
puma (7.2.0) lib/puma/server.rb:262:in 'block in Puma::Server#run'
puma (7.2.0) lib/puma/thread_pool.rb:182:in 'block in Puma::ThreadPool#spawn_thread'
Started GET "/sidekiq" for ::1 at 2026-02-17 23:06:24 +0200
  
RuntimeError (Sidekiq::Web needs a valid Rack session. If this is a Rails app, make
sure you mount Sidekiq::Web *inside* your application routes:


Rails.application.routes.draw do
  mount Sidekiq::Web => "/sidekiq"
  ....
end


If this is a Rails app in API mode, you need to enable sessions.

  https://guides.rubyonrails.org/api_app.html#using-session-middlewares

If this is a bare Rack app, use a session middleware before Sidekiq::Web:

  # first, use IRB to create a shared secret key for sessions and commit it
  require 'securerandom'; File.open(".session.key", "w") {|f| f.write(SecureRandom.hex(32)) }

  # now use the secret with a session cookie middleware
  use Rack::Session::Cookie, secret: File.read(".session.key"), same_site: true, max_age: 86400
  run Sidekiq::Web

):
  
sidekiq (8.1.1) lib/sidekiq/web/action.rb:70:in 'Sidekiq::Web::Action#session'
sidekiq (8.1.1) lib/sidekiq/web/helpers.rb:188:in 'Sidekiq::WebHelpers#locale'
sidekiq (8.1.1) lib/sidekiq/web/application.rb:429:in 'Sidekiq::Web::Application#call'
rack (3.2.5) lib/rack/static.rb:162:in 'Rack::Static#call'
rack (3.2.5) lib/rack/builder.rb:283:in 'Rack::Builder#call'
sidekiq (8.1.1) lib/sidekiq/web.rb:96:in 'Sidekiq::Web#call'
sidekiq (8.1.1) lib/sidekiq/web.rb:83:in 'Sidekiq::Web.call'
actionpack (8.1.2) lib/action_dispatch/routing/mapper.rb:33:in 'block in <class:Constraints>'
actionpack (8.1.2) lib/action_dispatch/routing/mapper.rb:62:in 'ActionDispatch::Routing::Mapper::Constraints#serve'
actionpack (8.1.2) lib/action_dispatch/journey/router.rb:35:in 'block in ActionDispatch::Journey::Router#serve'
actionpack (8.1.2) lib/action_dispatch/journey/router.rb:92:in 'block in ActionDispatch::Journey::Router#recognize'
actionpack (8.1.2) lib/action_dispatch/journey/router.rb:66:in 'Array#each'
actionpack (8.1.2) lib/action_dispatch/journey/router.rb:66:in 'ActionDispatch::Journey::Router#recognize'
actionpack (8.1.2) lib/action_dispatch/journey/router.rb:31:in 'ActionDispatch::Journey::Router#serve'
actionpack (8.1.2) lib/action_dispatch/routing/route_set.rb:906:in 'ActionDispatch::Routing::RouteSet#call'
railties (8.1.2) lib/rails/engine/lazy_route_set.rb:60:in 'Rails::Engine::LazyRouteSet#call'
rack (3.2.5) lib/rack/etag.rb:29:in 'Rack::ETag#call'
rack (3.2.5) lib/rack/conditional_get.rb:31:in 'Rack::ConditionalGet#call'
rack (3.2.5) lib/rack/head.rb:15:in 'Rack::Head#call'
activerecord (8.1.2) lib/active_record/migration.rb:671:in 'ActiveRecord::Migration::CheckPending#call'
actionpack (8.1.2) lib/action_dispatch/middleware/callbacks.rb:31:in 'block in ActionDispatch::Callbacks#call'
activesupport (8.1.2) lib/active_support/callbacks.rb:101:in 'ActiveSupport::Callbacks#run_callbacks'
actionpack (8.1.2) lib/action_dispatch/middleware/callbacks.rb:30:in 'ActionDispatch::Callbacks#call'
actionpack (8.1.2) lib/action_dispatch/middleware/executor.rb:20:in 'ActionDispatch::Executor#call'
actionpack (8.1.2) lib/action_dispatch/middleware/actionable_exceptions.rb:18:in 'ActionDispatch::ActionableExceptions#call'
actionpack (8.1.2) lib/action_dispatch/middleware/debug_exceptions.rb:31:in 'ActionDispatch::DebugExceptions#call'
actionpack (8.1.2) lib/action_dispatch/middleware/show_exceptions.rb:32:in 'ActionDispatch::ShowExceptions#call'
railties (8.1.2) lib/rails/rack/logger.rb:41:in 'Rails::Rack::Logger#call_app'
railties (8.1.2) lib/rails/rack/logger.rb:29:in 'Rails::Rack::Logger#call'
actionpack (8.1.2) lib/action_dispatch/middleware/remote_ip.rb:98:in 'ActionDispatch::RemoteIp#call'
actionpack (8.1.2) lib/action_dispatch/middleware/request_id.rb:34:in 'ActionDispatch::RequestId#call'
rack (3.2.5) lib/rack/runtime.rb:24:in 'Rack::Runtime#call'
activesupport (8.1.2) lib/active_support/cache/strategy/local_cache_middleware.rb:30:in 'ActiveSupport::Cache::Strategy::LocalCache::Middleware#call'
actionpack (8.1.2) lib/action_dispatch/middleware/server_timing.rb:61:in 'block in ActionDispatch::ServerTiming#call'
actionpack (8.1.2) lib/action_dispatch/middleware/server_timing.rb:26:in 'ActionDispatch::ServerTiming::Subscriber#collect_events'
actionpack (8.1.2) lib/action_dispatch/middleware/server_timing.rb:60:in 'ActionDispatch::ServerTiming#call'
actionpack (8.1.2) lib/action_dispatch/middleware/executor.rb:20:in 'ActionDispatch::Executor#call'
actionpack (8.1.2) lib/action_dispatch/middleware/static.rb:27:in 'ActionDispatch::Static#call'
rack (3.2.5) lib/rack/sendfile.rb:131:in 'Rack::Sendfile#call'
actionpack (8.1.2) lib/action_dispatch/middleware/host_authorization.rb:143:in 'ActionDispatch::HostAuthorization#call'
rack-cors (3.0.0) lib/rack/cors.rb:102:in 'Rack::Cors#call'
railties (8.1.2) lib/rails/engine.rb:534:in 'Rails::Engine#call'
puma (7.2.0) lib/puma/configuration.rb:296:in 'Puma::Configuration::ConfigMiddleware#call'
puma (7.2.0) lib/puma/request.rb:103:in 'block in Puma::Request#handle_request'
puma (7.2.0) lib/puma/thread_pool.rb:355:in 'Puma::ThreadPool#with_force_shutdown'
puma (7.2.0) lib/puma/request.rb:102:in 'Puma::Request#handle_request'
puma (7.2.0) lib/puma/server.rb:503:in 'Puma::Server#process_client'
puma (7.2.0) lib/puma/server.rb:262:in 'block in Puma::Server#run'
puma (7.2.0) lib/puma/thread_pool.rb:182:in 'block in Puma::ThreadPool#spawn_thread'
Started GET "/sidekiq" for ::1 at 2026-02-17 23:06:47 +0200
  [1m[36mActiveRecord::SchemaMigration Load (1.9ms)[0m  [1m[34mSELECT "schema_migrations"."version" FROM "schema_migrations" ORDER BY "schema_migrations"."version" ASC /*application='TripRemindersApi'*/[0m
Started GET "/sidekiq" for ::1 at 2026-02-17 23:06:50 +0200
Started GET "/sidekiq/stylesheets/style.css" for ::1 at 2026-02-17 23:06:50 +0200
Started GET "/sidekiq/javascripts/application.js" for ::1 at 2026-02-17 23:06:50 +0200
Started GET "/sidekiq/javascripts/dashboard.js" for ::1 at 2026-02-17 23:06:50 +0200
Started GET "/sidekiq/javascripts/chart.min.js" for ::1 at 2026-02-17 23:06:50 +0200
Started GET "/sidekiq/javascripts/chartjs-plugin-annotation.min.js" for ::1 at 2026-02-17 23:06:50 +0200
Started GET "/sidekiq/javascripts/chartjs-adapter-date-fns.min.js" for ::1 at 2026-02-17 23:06:50 +0200
Started GET "/sidekiq/javascripts/base-charts.js" for ::1 at 2026-02-17 23:06:50 +0200
Started GET "/sidekiq/javascripts/dashboard-charts.js" for ::1 at 2026-02-17 23:06:50 +0200
Started GET "/sidekiq/stats" for ::1 at 2026-02-17 23:06:50 +0200
Started GET "/sidekiq/images/favicon.ico" for ::1 at 2026-02-17 23:06:50 +0200
Started GET "/sidekiq/busy" for ::1 at 2026-02-17 23:06:52 +0200
Started GET "/sidekiq/queues" for ::1 at 2026-02-17 23:06:53 +0200
Started GET "/sidekiq/retries" for ::1 at 2026-02-17 23:06:54 +0200
Started GET "/sidekiq/scheduled" for ::1 at 2026-02-17 23:06:54 +0200
Started GET "/sidekiq/morgue" for ::1 at 2026-02-17 23:06:55 +0200
Started GET "/sidekiq/metrics" for ::1 at 2026-02-17 23:06:55 +0200
Started GET "/sidekiq/javascripts/metrics.js" for ::1 at 2026-02-17 23:06:55 +0200
Started GET "/sidekiq/profiles" for ::1 at 2026-02-17 23:06:56 +0200
Started GET "/sidekiq/scheduled" for ::1 at 2026-02-17 23:06:57 +0200
Started GET "/sidekiq/queues" for ::1 at 2026-02-17 23:06:58 +0200
Started GET "/sidekiq/busy" for ::1 at 2026-02-17 23:06:58 +0200
Started GET "/sidekiq/" for ::1 at 2026-02-17 23:07:01 +0200
Started GET "/sidekiq/stats" for ::1 at 2026-02-17 23:07:01 +0200
Started GET "/sidekiq/stats" for ::1 at 2026-02-17 23:07:06 +0200
